<?xml version="1.0" encoding="UTF-8"?>
<!-- Generated by org.testng.reporters.JUnitReportReporter -->
<testsuite hostname="MSI" failures="0" tests="1" name="testCases.TC_002_LoginTest" time="1.737" errors="0" timestamp="2024-05-14T08:44:28 IST" skipped="0">
  <testcase classname="testCases.TC_002_LoginTest" name="verify_login" time="1.737"/>
</testsuite> <!-- testCases.TC_002_LoginTest -->
