<?xml version="1.0" encoding="UTF-8"?>
<!-- Generated by org.testng.reporters.JUnitReportReporter -->
<testsuite hostname="MSI" failures="0" tests="1" name="testCases.TC_002_LoginTest" time="2.148" errors="0" timestamp="2024-05-09T22:46:05 IST" skipped="0">
  <testcase classname="testCases.TC_002_LoginTest" name="verify_login" time="2.148"/>
</testsuite> <!-- testCases.TC_002_LoginTest -->
